# JRE version: OpenJDK Runtime Environment (8.0_112-b06) (build 1.8.0_112-release-b06)
# Java VM: OpenJDK 64-Bit Server VM (25.112-b06 mixed mode windows-amd64 compressed oops)
Heap:
 PSYoungGen      total 381440K, used 376019K [0x00000000e0000000, 0x00000000fc880000, 0x0000000100000000)
  eden space 328704K, 100% used [0x00000000e0000000,0x00000000f4100000,0x00000000f4100000)
  from space 52736K, 89% used [0x00000000f4100000,0x00000000f6f34ef0,0x00000000f7480000)
  to   space 56832K, 81% used [0x00000000f9100000,0x00000000fbe60800,0x00000000fc880000)
 ParOldGen       total 218112K, used 74338K [0x00000000a0000000, 0x00000000ad500000, 0x00000000e0000000)
  object space 218112K, 34% used [0x00000000a0000000,0x00000000a4898b00,0x00000000ad500000)
 Metaspace       used 106560K, capacity 115860K, committed 116096K, reserved 1150976K
  class space    used 13576K, capacity 14943K, committed 14976K, reserved 1048576K
GC Heap History (10 events):
Event: 2672.338 GC heap after
Heap after GC invocations=47 (full 4):
 PSYoungGen      total 337920K, used 28110K [0x00000000e0000000, 0x00000000f7b00000, 0x0000000100000000)
  eden space 298496K, 0% used [0x00000000e0000000,0x00000000e0000000,0x00000000f2380000)
  from space 39424K, 71% used [0x00000000f2380000,0x00000000f3ef3be0,0x00000000f4a00000)
  to   space 38912K, 0% used [0x00000000f5500000,0x00000000f5500000,0x00000000f7b00000)
 ParOldGen       total 218112K, used 65689K [0x00000000a0000000, 0x00000000ad500000, 0x00000000e0000000)
  object space 218112K, 30% used [0x00000000a0000000,0x00000000a4026790,0x00000000ad500000)
 Metaspace       used 105569K, capacity 114388K, committed 114688K, reserved 1148928K
  class space    used 13467K, capacity 14740K, committed 14848K, reserved 1048576K
}
Event: 2673.055 GC heap before
{Heap before GC invocations=48 (full 4):
 PSYoungGen      total 337920K, used 326606K [0x00000000e0000000, 0x00000000f7b00000, 0x0000000100000000)
  eden space 298496K, 100% used [0x00000000e0000000,0x00000000f2380000,0x00000000f2380000)
  from space 39424K, 71% used [0x00000000f2380000,0x00000000f3ef3be0,0x00000000f4a00000)
  to   space 38912K, 0% used [0x00000000f5500000,0x00000000f5500000,0x00000000f7b00000)
 ParOldGen       total 218112K, used 65689K [0x00000000a0000000, 0x00000000ad500000, 0x00000000e0000000)
  object space 218112K, 30% used [0x00000000a0000000,0x00000000a4026790,0x00000000ad500000)
 Metaspace       used 105758K, capacity 114650K, committed 114944K, reserved 1148928K
  class space    used 13484K, capacity 14785K, committed 14848K, reserved 1048576K
Event: 2673.086 GC heap after
Heap after GC invocations=48 (full 4):
 PSYoungGen      total 343040K, used 38906K [0x00000000e0000000, 0x00000000f9200000, 0x0000000100000000)
  eden space 304128K, 0% used [0x00000000e0000000,0x00000000e0000000,0x00000000f2900000)
  from space 38912K, 99% used [0x00000000f5500000,0x00000000f7afeb18,0x00000000f7b00000)
  to   space 45056K, 0% used [0x00000000f2900000,0x00000000f2900000,0x00000000f5500000)
 ParOldGen       total 218112K, used 71951K [0x00000000a0000000, 0x00000000ad500000, 0x00000000e0000000)
  object space 218112K, 32% used [0x00000000a0000000,0x00000000a4643da8,0x00000000ad500000)
 Metaspace       used 105758K, capacity 114650K, committed 114944K, reserved 1148928K
  class space    used 13484K, capacity 14785K, committed 14848K, reserved 1048576K
}
Event: 2673.669 GC heap before
{Heap before GC invocations=49 (full 4):
 PSYoungGen      total 343040K, used 342211K [0x00000000e0000000, 0x00000000f9200000, 0x0000000100000000)
  eden space 304128K, 99% used [0x00000000e0000000,0x00000000f28322a8,0x00000000f2900000)
  from space 38912K, 99% used [0x00000000f5500000,0x00000000f7afeb18,0x00000000f7b00000)
  to   space 45056K, 0% used [0x00000000f2900000,0x00000000f2900000,0x00000000f5500000)
 ParOldGen       total 218112K, used 71951K [0x00000000a0000000, 0x00000000ad500000, 0x00000000e0000000)
  object space 218112K, 32% used [0x00000000a0000000,0x00000000a4643da8,0x00000000ad500000)
 Metaspace       used 105825K, capacity 114818K, committed 114944K, reserved 1148928K
  class space    used 13487K, capacity 14791K, committed 14848K, reserved 1048576K
Event: 2673.696 GC heap after
Heap after GC invocations=49 (full 4):
 PSYoungGen      total 349184K, used 45049K [0x00000000e0000000, 0x00000000fa880000, 0x0000000100000000)
  eden space 304128K, 0% used [0x00000000e0000000,0x00000000e0000000,0x00000000f2900000)
  from space 45056K, 99% used [0x00000000f2900000,0x00000000f54fe440,0x00000000f5500000)
  to   space 50688K, 0% used [0x00000000f7700000,0x00000000f7700000,0x00000000fa880000)
 ParOldGen       total 218112K, used 74314K [0x00000000a0000000, 0x00000000ad500000, 0x00000000e0000000)
  object space 218112K, 34% used [0x00000000a0000000,0x00000000a4892b00,0x00000000ad500000)
 Metaspace       used 105825K, capacity 114818K, committed 114944K, reserved 1148928K
  class space    used 13487K, capacity 14791K, committed 14848K, reserved 1048576K
}
Event: 2965.570 GC heap before
{Heap before GC invocations=50 (full 4):
 PSYoungGen      total 349184K, used 349177K [0x00000000e0000000, 0x00000000fa880000, 0x0000000100000000)
  eden space 304128K, 100% used [0x00000000e0000000,0x00000000f2900000,0x00000000f2900000)
  from space 45056K, 99% used [0x00000000f2900000,0x00000000f54fe440,0x00000000f5500000)
  to   space 50688K, 0% used [0x00000000f7700000,0x00000000f7700000,0x00000000fa880000)
 ParOldGen       total 218112K, used 74314K [0x00000000a0000000, 0x00000000ad500000, 0x00000000e0000000)
  object space 218112K, 34% used [0x00000000a0000000,0x00000000a4892b00,0x00000000ad500000)
 Metaspace       used 106039K, capacity 115114K, committed 115328K, reserved 1148928K
  class space    used 13514K, capacity 14849K, committed 14976K, reserved 1048576K
Event: 2965.594 GC heap after
Heap after GC invocations=50 (full 4):
 PSYoungGen      total 378880K, used 41060K [0x00000000e0000000, 0x00000000fa800000, 0x0000000100000000)
  eden space 328704K, 0% used [0x00000000e0000000,0x00000000e0000000,0x00000000f4100000)
  from space 50176K, 81% used [0x00000000f7700000,0x00000000f9f19358,0x00000000fa800000)
  to   space 52736K, 0% used [0x00000000f4100000,0x00000000f4100000,0x00000000f7480000)
 ParOldGen       total 218112K, used 74322K [0x00000000a0000000, 0x00000000ad500000, 0x00000000e0000000)
  object space 218112K, 34% used [0x00000000a0000000,0x00000000a4894b00,0x00000000ad500000)
 Metaspace       used 106039K, capacity 115114K, committed 115328K, reserved 1148928K
  class space    used 13514K, capacity 14849K, committed 14976K, reserved 1048576K
}
Event: 2967.648 GC heap before
{Heap before GC invocations=51 (full 4):
 PSYoungGen      total 378880K, used 369764K [0x00000000e0000000, 0x00000000fa800000, 0x0000000100000000)
  eden space 328704K, 100% used [0x00000000e0000000,0x00000000f4100000,0x00000000f4100000)
  from space 50176K, 81% used [0x00000000f7700000,0x00000000f9f19358,0x00000000fa800000)
  to   space 52736K, 0% used [0x00000000f4100000,0x00000000f4100000,0x00000000f7480000)
 ParOldGen       total 218112K, used 74322K [0x00000000a0000000, 0x00000000ad500000, 0x00000000e0000000)
  object space 218112K, 34% used [0x00000000a0000000,0x00000000a4894b00,0x00000000ad500000)
 Metaspace       used 106248K, capacity 115350K, committed 115584K, reserved 1150976K
  class space    used 13525K, capacity 14889K, committed 14976K, reserved 1048576K
Event: 2967.669 GC heap after
Heap after GC invocations=51 (full 4):
 PSYoungGen      total 381440K, used 47315K [0x00000000e0000000, 0x00000000fc880000, 0x0000000100000000)
  eden space 328704K, 0% used [0x00000000e0000000,0x00000000e0000000,0x00000000f4100000)
  from space 52736K, 89% used [0x00000000f4100000,0x00000000f6f34ef0,0x00000000f7480000)
  to   space 56832K, 0% used [0x00000000f9100000,0x00000000f9100000,0x00000000fc880000)
 ParOldGen       total 218112K, used 74330K [0x00000000a0000000, 0x00000000ad500000, 0x00000000e0000000)
  object space 218112K, 34% used [0x00000000a0000000,0x00000000a4896b00,0x00000000ad500000)
 Metaspace       used 106248K, capacity 115350K, committed 115584K, reserved 1150976K
  class space    used 13525K, capacity 14889K, committed 14976K, reserved 1048576K
}
Event: 6977.933 GC heap before
{Heap before GC invocations=52 (full 4):
 PSYoungGen      total 381440K, used 376019K [0x00000000e0000000, 0x00000000fc880000, 0x0000000100000000)
  eden space 328704K, 100% used [0x00000000e0000000,0x00000000f4100000,0x00000000f4100000)
  from space 52736K, 89% used [0x00000000f4100000,0x00000000f6f34ef0,0x00000000f7480000)
  to   space 56832K, 0% used [0x00000000f9100000,0x00000000f9100000,0x00000000fc880000)
 ParOldGen       total 218112K, used 74330K [0x00000000a0000000, 0x00000000ad500000, 0x00000000e0000000)
  object space 218112K, 34% used [0x00000000a0000000,0x00000000a4896b00,0x00000000ad500000)
 Metaspace       used 106560K, capacity 115860K, committed 116096K, reserved 1150976K
  class space    used 13576K, capacity 14943K, committed 14976K, reserved 1048576K

